2026-02-17 10:51:32,899 - INFO - Searching coordinates for city: Nápoles
2026-02-17 10:51:33,101 - INFO - Coordinates found: {'id': 1698160, 'name': 'Napoles', 'latitude': 10.504, 'longitude': 122.8979, 'elevation': 23.0, 'feature_code': 'PPL', 'country_code': 'PH', 'admin1_id': 7521304, 'admin2_id': 1697808, 'admin3_id': 11778408, 'timezone': 'Asia/Manila', 'population': 5440, 'country_id': 1694008, 'country': 'Philippines', 'admin1': 'Western Visayas', 'admin2': 'Province of Negros Occidental', 'admin3': 'Bago City'}
2026-02-17 10:51:33,102 - INFO - Fetching weather data for lat=10.504, lon=122.8979, from 2024-07-01 to 2025-07-01
2026-02-17 10:51:33,413 - INFO - Weather data received: 8784 records
2026-02-17 10:52:16,048 - INFO - Searching coordinates for city: Nápoles
2026-02-17 10:52:16,723 - INFO - Coordinates found: {'id': 1698160, 'name': 'Napoles', 'latitude': 10.504, 'longitude': 122.8979, 'elevation': 23.0, 'feature_code': 'PPL', 'country_code': 'PH', 'admin1_id': 7521304, 'admin2_id': 1697808, 'admin3_id': 11778408, 'timezone': 'Asia/Manila', 'population': 5440, 'country_id': 1694008, 'country': 'Philippines', 'admin1': 'Western Visayas', 'admin2': 'Province of Negros Occidental', 'admin3': 'Bago City'}
2026-02-17 10:52:16,725 - INFO - Fetching weather data for lat=10.504, lon=122.8979, from 2024-07-01 to 2025-07-01
2026-02-17 10:52:17,674 - INFO - Weather data received: 8784 records
2026-02-17 10:56:55,174 - INFO - Searching coordinates for city: Nápoles
2026-02-17 10:56:55,343 - INFO - Coordinates found: {'id': 1698160, 'name': 'Napoles', 'latitude': 10.504, 'longitude': 122.8979, 'elevation': 23.0, 'feature_code': 'PPL', 'country_code': 'PH', 'admin1_id': 7521304, 'admin2_id': 1697808, 'admin3_id': 11778408, 'timezone': 'Asia/Manila', 'population': 5440, 'country_id': 1694008, 'country': 'Philippines', 'admin1': 'Western Visayas', 'admin2': 'Province of Negros Occidental', 'admin3': 'Bago City'}
2026-02-17 10:56:55,345 - INFO - Fetching weather data for lat=10.504, lon=122.8979, from 2024-07-01 to 2025-07-01
2026-02-17 10:56:55,701 - INFO - Weather data received: 8784 records
2026-02-17 10:59:28,412 - INFO - Searching coordinates for city: Madrid
2026-02-17 10:59:28,573 - INFO - Coordinates found: {'id': 3117735, 'name': 'Madrid', 'latitude': 40.4165, 'longitude': -3.70256, 'elevation': 665.0, 'feature_code': 'PPLC', 'country_code': 'ES', 'admin1_id': 3117732, 'admin2_id': 6355233, 'admin3_id': 6359304, 'timezone': 'Europe/Madrid', 'population': 3255944, 'postcodes': ['28706', '28754', '28011', '28017', '28021', '28023', '28024', '28025', '28026', '28030', '28031', '28032', '28038', '28039', '28041', '28047', '28048', '28049', '28051', '28052', '28070', '28071', '28080', '28082', '28083', '28085', '28086', '28016', '28008', '28002', '28019', '28013', '28012', '28036', '28045', '28022', '28005', '28007', '28035', '28033', '28018', '28014', '28053', '28020', '28001', '28037', '28010', '28004', '28015', '28042', '28028', '28046', '28029', '28040', '28003', '28044', '28034', '28027', '28009', '28043', '28087', '28006', '28050', '28000'], 'country_id': 2510769, 'country': 'Spain', 'admin1': 'Madrid', 'admin2': 'Madrid', 'admin3': 'Madrid'}
2026-02-17 10:59:28,574 - INFO - Fetching weather data for lat=40.4165, lon=-3.70256, from 2024-07-01 to 2025-07-01
2026-02-17 10:59:28,873 - INFO - Weather data received: 8784 records
2026-02-17 11:00:13,372 - INFO - Searching coordinates for city: Madrid
2026-02-17 11:00:13,538 - INFO - Coordinates found: {'id': 3117735, 'name': 'Madrid', 'latitude': 40.4165, 'longitude': -3.70256, 'elevation': 665.0, 'feature_code': 'PPLC', 'country_code': 'ES', 'admin1_id': 3117732, 'admin2_id': 6355233, 'admin3_id': 6359304, 'timezone': 'Europe/Madrid', 'population': 3255944, 'postcodes': ['28706', '28754', '28011', '28017', '28021', '28023', '28024', '28025', '28026', '28030', '28031', '28032', '28038', '28039', '28041', '28047', '28048', '28049', '28051', '28052', '28070', '28071', '28080', '28082', '28083', '28085', '28086', '28016', '28008', '28002', '28019', '28013', '28012', '28036', '28045', '28022', '28005', '28007', '28035', '28033', '28018', '28014', '28053', '28020', '28001', '28037', '28010', '28004', '28015', '28042', '28028', '28046', '28029', '28040', '28003', '28044', '28034', '28027', '28009', '28043', '28087', '28006', '28050', '28000'], 'country_id': 2510769, 'country': 'Spain', 'admin1': 'Madrid', 'admin2': 'Madrid', 'admin3': 'Madrid'}
2026-02-17 11:00:13,539 - INFO - Fetching weather data for lat=40.4165, lon=-3.70256, from 1996-07-01 to 2025-07-01
2026-02-17 11:00:17,070 - INFO - Weather data received: 254232 records
2026-02-17 11:08:21,889 - INFO - Searching coordinates for city: Madrid
2026-02-17 11:08:22,072 - INFO - Coordinates found: {'id': 3117735, 'name': 'Madrid', 'latitude': 40.4165, 'longitude': -3.70256, 'elevation': 665.0, 'feature_code': 'PPLC', 'country_code': 'ES', 'admin1_id': 3117732, 'admin2_id': 6355233, 'admin3_id': 6359304, 'timezone': 'Europe/Madrid', 'population': 3255944, 'postcodes': ['28706', '28754', '28011', '28017', '28021', '28023', '28024', '28025', '28026', '28030', '28031', '28032', '28038', '28039', '28041', '28047', '28048', '28049', '28051', '28052', '28070', '28071', '28080', '28082', '28083', '28085', '28086', '28016', '28008', '28002', '28019', '28013', '28012', '28036', '28045', '28022', '28005', '28007', '28035', '28033', '28018', '28014', '28053', '28020', '28001', '28037', '28010', '28004', '28015', '28042', '28028', '28046', '28029', '28040', '28003', '28044', '28034', '28027', '28009', '28043', '28087', '28006', '28050', '28000'], 'country_id': 2510769, 'country': 'Spain', 'admin1': 'Madrid', 'admin2': 'Madrid', 'admin3': 'Madrid'}
2026-02-17 11:08:22,073 - INFO - Fetching weather data for lat=40.4165, lon=-3.70256, from 1996-07-01 to 2025-07-01
2026-02-17 11:08:25,545 - INFO - Weather data received: 254232 records
2026-02-17 12:19:03,585 - INFO - Searching coordinates for city: Madrid
2026-02-17 12:19:03,865 - INFO - Coordinates found: {'id': 3117735, 'name': 'Madrid', 'latitude': 40.4165, 'longitude': -3.70256, 'elevation': 665.0, 'feature_code': 'PPLC', 'country_code': 'ES', 'admin1_id': 3117732, 'admin2_id': 6355233, 'admin3_id': 6359304, 'timezone': 'Europe/Madrid', 'population': 3255944, 'postcodes': ['28706', '28754', '28011', '28017', '28021', '28023', '28024', '28025', '28026', '28030', '28031', '28032', '28038', '28039', '28041', '28047', '28048', '28049', '28051', '28052', '28070', '28071', '28080', '28082', '28083', '28085', '28086', '28016', '28008', '28002', '28019', '28013', '28012', '28036', '28045', '28022', '28005', '28007', '28035', '28033', '28018', '28014', '28053', '28020', '28001', '28037', '28010', '28004', '28015', '28042', '28028', '28046', '28029', '28040', '28003', '28044', '28034', '28027', '28009', '28043', '28087', '28006', '28050', '28000'], 'country_id': 2510769, 'country': 'Spain', 'admin1': 'Madrid', 'admin2': 'Madrid', 'admin3': 'Madrid'}
2026-02-17 12:19:03,867 - INFO - Fetching weather data for lat=40.4165, lon=-3.70256, from 2023-07-01 to 2025-07-01
2026-02-17 12:19:04,650 - INFO - Weather data received: 17568 records
2026-02-17 13:11:50,573 - INFO - Searching coordinates for city: Madrid
2026-02-17 13:11:50,901 - INFO - Coordinates found: {'id': 3117735, 'name': 'Madrid', 'latitude': 40.4165, 'longitude': -3.70256, 'elevation': 665.0, 'feature_code': 'PPLC', 'country_code': 'ES', 'admin1_id': 3117732, 'admin2_id': 6355233, 'admin3_id': 6359304, 'timezone': 'Europe/Madrid', 'population': 3255944, 'postcodes': ['28706', '28754', '28011', '28017', '28021', '28023', '28024', '28025', '28026', '28030', '28031', '28032', '28038', '28039', '28041', '28047', '28048', '28049', '28051', '28052', '28070', '28071', '28080', '28082', '28083', '28085', '28086', '28016', '28008', '28002', '28019', '28013', '28012', '28036', '28045', '28022', '28005', '28007', '28035', '28033', '28018', '28014', '28053', '28020', '28001', '28037', '28010', '28004', '28015', '28042', '28028', '28046', '28029', '28040', '28003', '28044', '28034', '28027', '28009', '28043', '28087', '28006', '28050', '28000'], 'country_id': 2510769, 'country': 'Spain', 'admin1': 'Madrid', 'admin2': 'Madrid', 'admin3': 'Madrid'}
2026-02-17 13:11:50,902 - INFO - Fetching weather data for lat=40.4165, lon=-3.70256, from 2026-02-17 to 2026-02-17
2026-02-17 13:11:51,719 - INFO - Weather data received: 24 records
