2026-02-16 15:11:50,129 - INFO - Searching coordinates for city: Mad
2026-02-16 15:11:50,521 - INFO - Coordinates found: {'id': 3117735, 'name': 'Madrid', 'latitude': 40.4165, 'longitude': -3.70256, 'elevation': 665.0, 'feature_code': 'PPLC', 'country_code': 'ES', 'admin1_id': 3117732, 'admin2_id': 6355233, 'admin3_id': 6359304, 'timezone': 'Europe/Madrid', 'population': 3255944, 'postcodes': ['28706', '28754', '28011', '28017', '28021', '28023', '28024', '28025', '28026', '28030', '28031', '28032', '28038', '28039', '28041', '28047', '28048', '28049', '28051', '28052', '28070', '28071', '28080', '28082', '28083', '28085', '28086', '28016', '28008', '28002', '28019', '28013', '28012', '28036', '28045', '28022', '28005', '28007', '28035', '28033', '28018', '28014', '28053', '28020', '28001', '28037', '28010', '28004', '28015', '28042', '28028', '28046', '28029', '28040', '28003', '28044', '28034', '28027', '28009', '28043', '28087', '28006', '28050', '28000'], 'country_id': 2510769, 'country': 'Spain', 'admin1': 'Madrid', 'admin2': 'Madrid', 'admin3': 'Madrid'}
2026-02-16 15:11:50,523 - INFO - Fetching weather data for lat=40.4165, lon=-3.70256, from 2026-02-16 to 2026-02-16
2026-02-16 15:11:50,868 - INFO - Weather data received: 24 records
2026-02-16 15:11:50,870 - INFO - Storing weather data for Madrid
2026-02-16 15:11:50,892 - INFO - 24 records inserted into DB for Madrid
2026-02-16 15:15:24,408 - INFO - Searching coordinates for city: Madr
2026-02-16 15:15:24,723 - INFO - Coordinates found: {'id': 3117735, 'name': 'Madrid', 'latitude': 40.4165, 'longitude': -3.70256, 'elevation': 665.0, 'feature_code': 'PPLC', 'country_code': 'ES', 'admin1_id': 3117732, 'admin2_id': 6355233, 'admin3_id': 6359304, 'timezone': 'Europe/Madrid', 'population': 3255944, 'postcodes': ['28706', '28754', '28011', '28017', '28021', '28023', '28024', '28025', '28026', '28030', '28031', '28032', '28038', '28039', '28041', '28047', '28048', '28049', '28051', '28052', '28070', '28071', '28080', '28082', '28083', '28085', '28086', '28016', '28008', '28002', '28019', '28013', '28012', '28036', '28045', '28022', '28005', '28007', '28035', '28033', '28018', '28014', '28053', '28020', '28001', '28037', '28010', '28004', '28015', '28042', '28028', '28046', '28029', '28040', '28003', '28044', '28034', '28027', '28009', '28043', '28087', '28006', '28050', '28000'], 'country_id': 2510769, 'country': 'Spain', 'admin1': 'Madrid', 'admin2': 'Madrid', 'admin3': 'Madrid'}
2026-02-16 15:15:24,724 - INFO - Fetching weather data for lat=40.4165, lon=-3.70256, from 2026-02-16 to 2026-02-16
2026-02-16 15:15:25,025 - INFO - Weather data received: 24 records
2026-02-16 15:15:25,026 - INFO - Storing weather data for Madrid
2026-02-16 15:15:25,035 - INFO - 24 records inserted into DB for Madrid
2026-02-16 15:15:53,104 - INFO - Searching coordinates for city: Polaski
2026-02-16 15:15:53,435 - INFO - Coordinates found: {'id': 5006129, 'name': 'Polaski', 'latitude': 45.23362, 'longitude': -83.65832, 'elevation': 228.0, 'feature_code': 'PPL', 'country_code': 'US', 'admin1_id': 5001836, 'admin2_id': 5006470, 'admin3_id': 5006323, 'timezone': 'America/Detroit', 'country_id': 6252001, 'country': 'United States', 'admin1': 'Michigan', 'admin2': 'Presque Isle', 'admin3': 'Posen Township'}
2026-02-16 15:15:53,436 - INFO - Fetching weather data for lat=45.23362, lon=-83.65832, from 2026-02-16 to 2026-02-16
2026-02-16 15:15:53,765 - INFO - Weather data received: 24 records
2026-02-16 15:15:53,766 - INFO - Storing weather data for Polaski
2026-02-16 15:15:53,773 - INFO - 24 records inserted into DB for Polaski
2026-02-16 15:31:43,266 - INFO - Searching coordinates for city: Madison
2026-02-16 15:31:43,618 - INFO - Coordinates found: {'id': 5261457, 'name': 'Madison', 'latitude': 43.07305, 'longitude': -89.40123, 'elevation': 267.0, 'feature_code': 'PPLA', 'country_code': 'US', 'admin1_id': 5279468, 'admin2_id': 5250074, 'admin3_id': 5261482, 'timezone': 'America/Chicago', 'population': 280305, 'postcodes': ['53701', '53702', '53703', '53704', '53705', '53706', '53707', '53708', '53711', '53713', '53714', '53715', '53716', '53717', '53718', '53719', '53725', '53726', '53744', '53777', '53778', '53779', '53782', '53783', '53784', '53785', '53786', '53788', '53789', '53790', '53791', '53792', '53793', '53794'], 'country_id': 6252001, 'country': 'United States', 'admin1': 'Wisconsin', 'admin2': 'Dane', 'admin3': 'City of Madison'}
2026-02-16 15:31:43,619 - INFO - Fetching weather data for lat=43.07305, lon=-89.40123, from 2026-02-16 to 2026-02-16
2026-02-16 15:31:43,927 - INFO - Weather data received: 24 records
2026-02-16 15:31:43,928 - INFO - Storing weather data for Madison
2026-02-16 15:31:43,936 - INFO - 24 records inserted into DB for Madison
2026-02-16 15:31:58,031 - INFO - Searching coordinates for city: El Cairo
2026-02-16 15:31:58,345 - INFO - Coordinates found: {'id': 3684785, 'name': 'El Cairo', 'latitude': 4.76279, 'longitude': -76.221, 'elevation': 1924.0, 'feature_code': 'PPL', 'country_code': 'CO', 'admin1_id': 3666313, 'admin2_id': 3684790, 'timezone': 'America/Bogota', 'population': 3268, 'country_id': 3686110, 'country': 'Colombia', 'admin1': 'Valle del Cauca Department', 'admin2': 'El Cairo'}
2026-02-16 15:31:58,346 - INFO - Fetching weather data for lat=4.76279, lon=-76.221, from 2026-02-16 to 2026-02-16
2026-02-16 15:31:58,667 - INFO - Weather data received: 24 records
2026-02-16 15:31:58,668 - INFO - Storing weather data for El Cairo
2026-02-16 15:31:58,677 - INFO - 24 records inserted into DB for El Cairo
2026-02-16 15:32:04,823 - INFO - Searching coordinates for city: El Cairo
2026-02-16 15:32:05,133 - INFO - Coordinates found: {'id': 3684785, 'name': 'El Cairo', 'latitude': 4.76279, 'longitude': -76.221, 'elevation': 1924.0, 'feature_code': 'PPL', 'country_code': 'CO', 'admin1_id': 3666313, 'admin2_id': 3684790, 'timezone': 'America/Bogota', 'population': 3268, 'country_id': 3686110, 'country': 'Colombia', 'admin1': 'Valle del Cauca Department', 'admin2': 'El Cairo'}
2026-02-16 15:32:05,134 - INFO - Fetching weather data for lat=4.76279, lon=-76.221, from 2026-02-16 to 2026-02-16
2026-02-16 15:32:05,448 - INFO - Weather data received: 24 records
2026-02-16 15:32:05,449 - INFO - Storing weather data for El Cairo
2026-02-16 15:32:05,456 - INFO - 24 records inserted into DB for El Cairo
2026-02-16 15:32:09,896 - INFO - Searching coordinates for city: El Cairo
2026-02-16 15:32:10,214 - INFO - Coordinates found: {'id': 3684785, 'name': 'El Cairo', 'latitude': 4.76279, 'longitude': -76.221, 'elevation': 1924.0, 'feature_code': 'PPL', 'country_code': 'CO', 'admin1_id': 3666313, 'admin2_id': 3684790, 'timezone': 'America/Bogota', 'population': 3268, 'country_id': 3686110, 'country': 'Colombia', 'admin1': 'Valle del Cauca Department', 'admin2': 'El Cairo'}
2026-02-16 15:32:10,215 - INFO - Fetching weather data for lat=4.76279, lon=-76.221, from 2026-02-16 to 2026-02-16
2026-02-16 15:32:10,554 - INFO - Weather data received: 24 records
2026-02-16 15:32:10,556 - INFO - Storing weather data for El Cairo
2026-02-16 15:32:10,563 - INFO - 24 records inserted into DB for El Cairo
2026-02-16 15:32:12,390 - INFO - Searching coordinates for city: El Cairo
2026-02-16 15:32:12,721 - INFO - Coordinates found: {'id': 3684785, 'name': 'El Cairo', 'latitude': 4.76279, 'longitude': -76.221, 'elevation': 1924.0, 'feature_code': 'PPL', 'country_code': 'CO', 'admin1_id': 3666313, 'admin2_id': 3684790, 'timezone': 'America/Bogota', 'population': 3268, 'country_id': 3686110, 'country': 'Colombia', 'admin1': 'Valle del Cauca Department', 'admin2': 'El Cairo'}
2026-02-16 15:32:12,722 - INFO - Fetching weather data for lat=4.76279, lon=-76.221, from 2026-02-16 to 2026-02-16
2026-02-16 15:32:13,021 - INFO - Weather data received: 24 records
2026-02-16 15:32:13,022 - INFO - Storing weather data for El Cairo
2026-02-16 15:32:13,031 - INFO - 24 records inserted into DB for El Cairo
2026-02-16 15:32:14,960 - INFO - Searching coordinates for city: El Cairo
2026-02-16 15:32:15,277 - INFO - Coordinates found: {'id': 3684785, 'name': 'El Cairo', 'latitude': 4.76279, 'longitude': -76.221, 'elevation': 1924.0, 'feature_code': 'PPL', 'country_code': 'CO', 'admin1_id': 3666313, 'admin2_id': 3684790, 'timezone': 'America/Bogota', 'population': 3268, 'country_id': 3686110, 'country': 'Colombia', 'admin1': 'Valle del Cauca Department', 'admin2': 'El Cairo'}
2026-02-16 15:32:15,278 - INFO - Fetching weather data for lat=4.76279, lon=-76.221, from 2026-02-16 to 2026-02-16
2026-02-16 15:32:15,692 - INFO - Weather data received: 24 records
2026-02-16 15:32:15,693 - INFO - Storing weather data for El Cairo
2026-02-16 15:32:15,701 - INFO - 24 records inserted into DB for El Cairo
2026-02-16 15:43:27,237 - INFO - Searching coordinates for city: Madrid
2026-02-16 15:43:27,573 - INFO - Coordinates found: {'id': 3117735, 'name': 'Madrid', 'latitude': 40.4165, 'longitude': -3.70256, 'elevation': 665.0, 'feature_code': 'PPLC', 'country_code': 'ES', 'admin1_id': 3117732, 'admin2_id': 6355233, 'admin3_id': 6359304, 'timezone': 'Europe/Madrid', 'population': 3255944, 'postcodes': ['28706', '28754', '28011', '28017', '28021', '28023', '28024', '28025', '28026', '28030', '28031', '28032', '28038', '28039', '28041', '28047', '28048', '28049', '28051', '28052', '28070', '28071', '28080', '28082', '28083', '28085', '28086', '28016', '28008', '28002', '28019', '28013', '28012', '28036', '28045', '28022', '28005', '28007', '28035', '28033', '28018', '28014', '28053', '28020', '28001', '28037', '28010', '28004', '28015', '28042', '28028', '28046', '28029', '28040', '28003', '28044', '28034', '28027', '28009', '28043', '28087', '28006', '28050', '28000'], 'country_id': 2510769, 'country': 'Spain', 'admin1': 'Madrid', 'admin2': 'Madrid', 'admin3': 'Madrid'}
2026-02-16 15:43:27,574 - INFO - Fetching weather data for lat=40.4165, lon=-3.70256, from 2024-07-01 to 2024-07-01
2026-02-16 15:43:27,904 - INFO - Weather data received: 24 records
2026-02-16 15:43:27,905 - INFO - Storing weather data for Madrid
2026-02-16 15:43:27,908 - INFO - 24 records inserted into DB for Madrid
2026-02-16 15:45:35,628 - INFO - Searching coordinates for city: Madrid
2026-02-16 15:45:35,942 - INFO - Coordinates found: {'id': 3117735, 'name': 'Madrid', 'latitude': 40.4165, 'longitude': -3.70256, 'elevation': 665.0, 'feature_code': 'PPLC', 'country_code': 'ES', 'admin1_id': 3117732, 'admin2_id': 6355233, 'admin3_id': 6359304, 'timezone': 'Europe/Madrid', 'population': 3255944, 'postcodes': ['28706', '28754', '28011', '28017', '28021', '28023', '28024', '28025', '28026', '28030', '28031', '28032', '28038', '28039', '28041', '28047', '28048', '28049', '28051', '28052', '28070', '28071', '28080', '28082', '28083', '28085', '28086', '28016', '28008', '28002', '28019', '28013', '28012', '28036', '28045', '28022', '28005', '28007', '28035', '28033', '28018', '28014', '28053', '28020', '28001', '28037', '28010', '28004', '28015', '28042', '28028', '28046', '28029', '28040', '28003', '28044', '28034', '28027', '28009', '28043', '28087', '28006', '28050', '28000'], 'country_id': 2510769, 'country': 'Spain', 'admin1': 'Madrid', 'admin2': 'Madrid', 'admin3': 'Madrid'}
2026-02-16 15:45:35,943 - INFO - Fetching weather data for lat=40.4165, lon=-3.70256, from 2024-07-01 to 2024-07-01
2026-02-16 15:45:36,241 - INFO - Weather data received: 24 records
2026-02-16 15:45:36,242 - INFO - Storing weather data for Madrid
2026-02-16 15:45:36,246 - INFO - 24 records inserted into DB for Madrid
