2026-02-18 17:18:01,203 - INFO - Searching coordinates for city: Madrid
2026-02-18 17:18:01,409 - INFO - Coordinates found: {'id': 3117735, 'name': 'Madrid', 'latitude': 40.4165, 'longitude': -3.70256, 'elevation': 665.0, 'feature_code': 'PPLC', 'country_code': 'ES', 'admin1_id': 3117732, 'admin2_id': 6355233, 'admin3_id': 6359304, 'timezone': 'Europe/Madrid', 'population': 3255944, 'postcodes': ['28706', '28754', '28011', '28017', '28021', '28023', '28024', '28025', '28026', '28030', '28031', '28032', '28038', '28039', '28041', '28047', '28048', '28049', '28051', '28052', '28070', '28071', '28080', '28082', '28083', '28085', '28086', '28016', '28008', '28002', '28019', '28013', '28012', '28036', '28045', '28022', '28005', '28007', '28035', '28033', '28018', '28014', '28053', '28020', '28001', '28037', '28010', '28004', '28015', '28042', '28028', '28046', '28029', '28040', '28003', '28044', '28034', '28027', '28009', '28043', '28087', '28006', '28050', '28000'], 'country_id': 2510769, 'country': 'Spain', 'admin1': 'Madrid', 'admin2': 'Madrid', 'admin3': 'Madrid'}
2026-02-18 17:18:01,411 - INFO - Fetching weather data for lat=40.4165, lon=-3.70256, from 2026-02-18 to 2026-02-18
2026-02-18 17:18:01,572 - INFO - Weather data received: 24 records
2026-02-18 18:28:53,242 - INFO - Searching coordinates for city: Madrid
2026-02-18 18:28:53,436 - INFO - Coordinates found: {'id': 3117735, 'name': 'Madrid', 'latitude': 40.4165, 'longitude': -3.70256, 'elevation': 665.0, 'feature_code': 'PPLC', 'country_code': 'ES', 'admin1_id': 3117732, 'admin2_id': 6355233, 'admin3_id': 6359304, 'timezone': 'Europe/Madrid', 'population': 3255944, 'postcodes': ['28706', '28754', '28011', '28017', '28021', '28023', '28024', '28025', '28026', '28030', '28031', '28032', '28038', '28039', '28041', '28047', '28048', '28049', '28051', '28052', '28070', '28071', '28080', '28082', '28083', '28085', '28086', '28016', '28008', '28002', '28019', '28013', '28012', '28036', '28045', '28022', '28005', '28007', '28035', '28033', '28018', '28014', '28053', '28020', '28001', '28037', '28010', '28004', '28015', '28042', '28028', '28046', '28029', '28040', '28003', '28044', '28034', '28027', '28009', '28043', '28087', '28006', '28050', '28000'], 'country_id': 2510769, 'country': 'Spain', 'admin1': 'Madrid', 'admin2': 'Madrid', 'admin3': 'Madrid'}
2026-02-18 18:28:53,438 - INFO - Fetching weather data for lat=40.4165, lon=-3.70256, from 2023-07-01 to 2025-07-01
2026-02-18 18:28:53,974 - INFO - Weather data received: 17568 records
2026-02-18 18:29:58,128 - INFO - Searching coordinates for city: London
2026-02-18 18:29:58,292 - INFO - Coordinates found: {'id': 2643743, 'name': 'London', 'latitude': 51.50853, 'longitude': -0.12574, 'elevation': 25.0, 'feature_code': 'PPLC', 'country_code': 'GB', 'admin1_id': 6269131, 'admin2_id': 2648110, 'timezone': 'Europe/London', 'population': 8961989, 'country_id': 2635167, 'country': 'United Kingdom', 'admin1': 'England', 'admin2': 'Greater London'}
2026-02-18 18:29:58,293 - INFO - Fetching weather data for lat=51.50853, lon=-0.12574, from 2026-02-18 to 2026-02-18
2026-02-18 18:29:58,448 - INFO - Weather data received: 24 records
2026-02-18 20:50:13,248 - INFO - Searching coordinates for city: Madrid
2026-02-18 20:50:13,429 - INFO - Coordinates found: {'id': 3117735, 'name': 'Madrid', 'latitude': 40.4165, 'longitude': -3.70256, 'elevation': 665.0, 'feature_code': 'PPLC', 'country_code': 'ES', 'admin1_id': 3117732, 'admin2_id': 6355233, 'admin3_id': 6359304, 'timezone': 'Europe/Madrid', 'population': 3255944, 'postcodes': ['28706', '28754', '28011', '28017', '28021', '28023', '28024', '28025', '28026', '28030', '28031', '28032', '28038', '28039', '28041', '28047', '28048', '28049', '28051', '28052', '28070', '28071', '28080', '28082', '28083', '28085', '28086', '28016', '28008', '28002', '28019', '28013', '28012', '28036', '28045', '28022', '28005', '28007', '28035', '28033', '28018', '28014', '28053', '28020', '28001', '28037', '28010', '28004', '28015', '28042', '28028', '28046', '28029', '28040', '28003', '28044', '28034', '28027', '28009', '28043', '28087', '28006', '28050', '28000'], 'country_id': 2510769, 'country': 'Spain', 'admin1': 'Madrid', 'admin2': 'Madrid', 'admin3': 'Madrid'}
2026-02-18 20:50:13,430 - INFO - Fetching weather data for lat=40.4165, lon=-3.70256, from 2024-07-01 to 2024-07-01
2026-02-18 20:50:13,607 - INFO - Weather data received: 24 records
2026-02-18 20:50:13,608 - INFO - Storing weather data for Madrid
2026-02-18 20:50:13,611 - INFO - 24 records inserted into DB for Madrid
2026-02-18 21:57:43,119 - INFO - Searching coordinates for city: Madrid
2026-02-18 21:57:43,297 - INFO - Coordinates found: {'id': 3117735, 'name': 'Madrid', 'latitude': 40.4165, 'longitude': -3.70256, 'elevation': 665.0, 'feature_code': 'PPLC', 'country_code': 'ES', 'admin1_id': 3117732, 'admin2_id': 6355233, 'admin3_id': 6359304, 'timezone': 'Europe/Madrid', 'population': 3255944, 'postcodes': ['28706', '28754', '28011', '28017', '28021', '28023', '28024', '28025', '28026', '28030', '28031', '28032', '28038', '28039', '28041', '28047', '28048', '28049', '28051', '28052', '28070', '28071', '28080', '28082', '28083', '28085', '28086', '28016', '28008', '28002', '28019', '28013', '28012', '28036', '28045', '28022', '28005', '28007', '28035', '28033', '28018', '28014', '28053', '28020', '28001', '28037', '28010', '28004', '28015', '28042', '28028', '28046', '28029', '28040', '28003', '28044', '28034', '28027', '28009', '28043', '28087', '28006', '28050', '28000'], 'country_id': 2510769, 'country': 'Spain', 'admin1': 'Madrid', 'admin2': 'Madrid', 'admin3': 'Madrid'}
2026-02-18 21:57:43,299 - INFO - Fetching weather data for lat=40.4165, lon=-3.70256, from 2024-07-01 to 2024-07-03
2026-02-18 21:57:43,463 - INFO - Weather data received: 72 records
2026-02-18 21:57:43,464 - INFO - Storing weather data for Madrid
2026-02-18 21:57:43,485 - INFO - 72 records inserted into DB for Madrid
2026-02-18 21:57:48,893 - INFO - Searching coordinates for city: Madrid
2026-02-18 21:57:49,057 - INFO - Coordinates found: {'id': 3117735, 'name': 'Madrid', 'latitude': 40.4165, 'longitude': -3.70256, 'elevation': 665.0, 'feature_code': 'PPLC', 'country_code': 'ES', 'admin1_id': 3117732, 'admin2_id': 6355233, 'admin3_id': 6359304, 'timezone': 'Europe/Madrid', 'population': 3255944, 'postcodes': ['28706', '28754', '28011', '28017', '28021', '28023', '28024', '28025', '28026', '28030', '28031', '28032', '28038', '28039', '28041', '28047', '28048', '28049', '28051', '28052', '28070', '28071', '28080', '28082', '28083', '28085', '28086', '28016', '28008', '28002', '28019', '28013', '28012', '28036', '28045', '28022', '28005', '28007', '28035', '28033', '28018', '28014', '28053', '28020', '28001', '28037', '28010', '28004', '28015', '28042', '28028', '28046', '28029', '28040', '28003', '28044', '28034', '28027', '28009', '28043', '28087', '28006', '28050', '28000'], 'country_id': 2510769, 'country': 'Spain', 'admin1': 'Madrid', 'admin2': 'Madrid', 'admin3': 'Madrid'}
2026-02-18 21:57:49,058 - INFO - Fetching weather data for lat=40.4165, lon=-3.70256, from 2024-07-01 to 2024-07-03
2026-02-18 21:57:49,209 - INFO - Weather data received: 72 records
2026-02-18 21:57:49,210 - INFO - Storing weather data for Madrid
2026-02-18 21:57:49,224 - INFO - 72 records inserted into DB for Madrid
2026-02-18 22:00:21,876 - INFO - Searching coordinates for city: Madrid
2026-02-18 22:00:22,040 - INFO - Coordinates found: {'id': 3117735, 'name': 'Madrid', 'latitude': 40.4165, 'longitude': -3.70256, 'elevation': 665.0, 'feature_code': 'PPLC', 'country_code': 'ES', 'admin1_id': 3117732, 'admin2_id': 6355233, 'admin3_id': 6359304, 'timezone': 'Europe/Madrid', 'population': 3255944, 'postcodes': ['28706', '28754', '28011', '28017', '28021', '28023', '28024', '28025', '28026', '28030', '28031', '28032', '28038', '28039', '28041', '28047', '28048', '28049', '28051', '28052', '28070', '28071', '28080', '28082', '28083', '28085', '28086', '28016', '28008', '28002', '28019', '28013', '28012', '28036', '28045', '28022', '28005', '28007', '28035', '28033', '28018', '28014', '28053', '28020', '28001', '28037', '28010', '28004', '28015', '28042', '28028', '28046', '28029', '28040', '28003', '28044', '28034', '28027', '28009', '28043', '28087', '28006', '28050', '28000'], 'country_id': 2510769, 'country': 'Spain', 'admin1': 'Madrid', 'admin2': 'Madrid', 'admin3': 'Madrid'}
2026-02-18 22:00:22,041 - INFO - Fetching weather data for lat=40.4165, lon=-3.70256, from 2024-07-01 to 2024-07-01
2026-02-18 22:00:22,210 - INFO - Weather data received: 24 records
2026-02-18 22:00:22,211 - INFO - Storing weather data for Madrid
2026-02-18 22:00:22,214 - INFO - 24 records inserted into DB for Madrid
2026-02-18 22:20:13,840 - INFO - Searching coordinates for city: Madrid
2026-02-18 22:20:14,013 - INFO - Coordinates found: {'id': 3117735, 'name': 'Madrid', 'latitude': 40.4165, 'longitude': -3.70256, 'elevation': 665.0, 'feature_code': 'PPLC', 'country_code': 'ES', 'admin1_id': 3117732, 'admin2_id': 6355233, 'admin3_id': 6359304, 'timezone': 'Europe/Madrid', 'population': 3255944, 'postcodes': ['28706', '28754', '28011', '28017', '28021', '28023', '28024', '28025', '28026', '28030', '28031', '28032', '28038', '28039', '28041', '28047', '28048', '28049', '28051', '28052', '28070', '28071', '28080', '28082', '28083', '28085', '28086', '28016', '28008', '28002', '28019', '28013', '28012', '28036', '28045', '28022', '28005', '28007', '28035', '28033', '28018', '28014', '28053', '28020', '28001', '28037', '28010', '28004', '28015', '28042', '28028', '28046', '28029', '28040', '28003', '28044', '28034', '28027', '28009', '28043', '28087', '28006', '28050', '28000'], 'country_id': 2510769, 'country': 'Spain', 'admin1': 'Madrid', 'admin2': 'Madrid', 'admin3': 'Madrid'}
2026-02-18 22:20:14,014 - INFO - Fetching weather data for lat=40.4165, lon=-3.70256, from 2024-07-01 to 2024-07-01
2026-02-18 22:20:14,180 - INFO - Weather data received: 24 records
2026-02-18 22:20:14,181 - INFO - Storing weather data for Madrid
2026-02-18 22:45:44,001 - INFO - Searching coordinates for city: Madrid
2026-02-18 22:45:44,191 - INFO - Coordinates found: {'id': 3117735, 'name': 'Madrid', 'latitude': 40.4165, 'longitude': -3.70256, 'elevation': 665.0, 'feature_code': 'PPLC', 'country_code': 'ES', 'admin1_id': 3117732, 'admin2_id': 6355233, 'admin3_id': 6359304, 'timezone': 'Europe/Madrid', 'population': 3255944, 'postcodes': ['28706', '28754', '28011', '28017', '28021', '28023', '28024', '28025', '28026', '28030', '28031', '28032', '28038', '28039', '28041', '28047', '28048', '28049', '28051', '28052', '28070', '28071', '28080', '28082', '28083', '28085', '28086', '28016', '28008', '28002', '28019', '28013', '28012', '28036', '28045', '28022', '28005', '28007', '28035', '28033', '28018', '28014', '28053', '28020', '28001', '28037', '28010', '28004', '28015', '28042', '28028', '28046', '28029', '28040', '28003', '28044', '28034', '28027', '28009', '28043', '28087', '28006', '28050', '28000'], 'country_id': 2510769, 'country': 'Spain', 'admin1': 'Madrid', 'admin2': 'Madrid', 'admin3': 'Madrid'}
2026-02-18 22:45:44,192 - INFO - Fetching weather data for lat=40.4165, lon=-3.70256, from 2024-07-01 to 2024-07-01
2026-02-18 22:45:44,379 - INFO - Weather data received: 24 records
2026-02-18 22:45:44,381 - INFO - Storing weather data for Madrid
2026-02-18 22:45:52,400 - INFO - Searching coordinates for city: Madrid
2026-02-18 22:45:52,563 - INFO - Coordinates found: {'id': 3117735, 'name': 'Madrid', 'latitude': 40.4165, 'longitude': -3.70256, 'elevation': 665.0, 'feature_code': 'PPLC', 'country_code': 'ES', 'admin1_id': 3117732, 'admin2_id': 6355233, 'admin3_id': 6359304, 'timezone': 'Europe/Madrid', 'population': 3255944, 'postcodes': ['28706', '28754', '28011', '28017', '28021', '28023', '28024', '28025', '28026', '28030', '28031', '28032', '28038', '28039', '28041', '28047', '28048', '28049', '28051', '28052', '28070', '28071', '28080', '28082', '28083', '28085', '28086', '28016', '28008', '28002', '28019', '28013', '28012', '28036', '28045', '28022', '28005', '28007', '28035', '28033', '28018', '28014', '28053', '28020', '28001', '28037', '28010', '28004', '28015', '28042', '28028', '28046', '28029', '28040', '28003', '28044', '28034', '28027', '28009', '28043', '28087', '28006', '28050', '28000'], 'country_id': 2510769, 'country': 'Spain', 'admin1': 'Madrid', 'admin2': 'Madrid', 'admin3': 'Madrid'}
2026-02-18 22:45:52,565 - INFO - Fetching weather data for lat=40.4165, lon=-3.70256, from 2024-07-01 to 2024-07-01
2026-02-18 22:45:52,717 - INFO - Weather data received: 24 records
2026-02-18 22:45:52,718 - INFO - Storing weather data for Madrid
2026-02-18 22:48:25,076 - INFO - Searching coordinates for city: Madrid
2026-02-18 22:48:25,249 - INFO - Coordinates found: {'id': 3117735, 'name': 'Madrid', 'latitude': 40.4165, 'longitude': -3.70256, 'elevation': 665.0, 'feature_code': 'PPLC', 'country_code': 'ES', 'admin1_id': 3117732, 'admin2_id': 6355233, 'admin3_id': 6359304, 'timezone': 'Europe/Madrid', 'population': 3255944, 'postcodes': ['28706', '28754', '28011', '28017', '28021', '28023', '28024', '28025', '28026', '28030', '28031', '28032', '28038', '28039', '28041', '28047', '28048', '28049', '28051', '28052', '28070', '28071', '28080', '28082', '28083', '28085', '28086', '28016', '28008', '28002', '28019', '28013', '28012', '28036', '28045', '28022', '28005', '28007', '28035', '28033', '28018', '28014', '28053', '28020', '28001', '28037', '28010', '28004', '28015', '28042', '28028', '28046', '28029', '28040', '28003', '28044', '28034', '28027', '28009', '28043', '28087', '28006', '28050', '28000'], 'country_id': 2510769, 'country': 'Spain', 'admin1': 'Madrid', 'admin2': 'Madrid', 'admin3': 'Madrid'}
2026-02-18 22:48:25,250 - INFO - Fetching weather data for lat=40.4165, lon=-3.70256, from 2024-07-01 to 2024-07-01
2026-02-18 22:48:25,413 - INFO - Weather data received: 24 records
2026-02-18 22:48:25,414 - INFO - Storing weather data for Madrid
2026-02-18 22:53:01,205 - INFO - Searching coordinates for city: Madrid
2026-02-18 22:53:01,378 - INFO - Coordinates found: {'id': 3117735, 'name': 'Madrid', 'latitude': 40.4165, 'longitude': -3.70256, 'elevation': 665.0, 'feature_code': 'PPLC', 'country_code': 'ES', 'admin1_id': 3117732, 'admin2_id': 6355233, 'admin3_id': 6359304, 'timezone': 'Europe/Madrid', 'population': 3255944, 'postcodes': ['28706', '28754', '28011', '28017', '28021', '28023', '28024', '28025', '28026', '28030', '28031', '28032', '28038', '28039', '28041', '28047', '28048', '28049', '28051', '28052', '28070', '28071', '28080', '28082', '28083', '28085', '28086', '28016', '28008', '28002', '28019', '28013', '28012', '28036', '28045', '28022', '28005', '28007', '28035', '28033', '28018', '28014', '28053', '28020', '28001', '28037', '28010', '28004', '28015', '28042', '28028', '28046', '28029', '28040', '28003', '28044', '28034', '28027', '28009', '28043', '28087', '28006', '28050', '28000'], 'country_id': 2510769, 'country': 'Spain', 'admin1': 'Madrid', 'admin2': 'Madrid', 'admin3': 'Madrid'}
2026-02-18 22:53:01,379 - INFO - Fetching weather data for lat=40.4165, lon=-3.70256, from 2024-07-01 to 2024-07-01
2026-02-18 22:53:01,547 - INFO - Weather data received: 24 records
2026-02-18 22:53:01,549 - INFO - Storing weather data for Madrid
2026-02-18 22:54:56,619 - INFO - Searching coordinates for city: Madrid
2026-02-18 22:54:56,791 - INFO - Coordinates found: {'id': 3117735, 'name': 'Madrid', 'latitude': 40.4165, 'longitude': -3.70256, 'elevation': 665.0, 'feature_code': 'PPLC', 'country_code': 'ES', 'admin1_id': 3117732, 'admin2_id': 6355233, 'admin3_id': 6359304, 'timezone': 'Europe/Madrid', 'population': 3255944, 'postcodes': ['28706', '28754', '28011', '28017', '28021', '28023', '28024', '28025', '28026', '28030', '28031', '28032', '28038', '28039', '28041', '28047', '28048', '28049', '28051', '28052', '28070', '28071', '28080', '28082', '28083', '28085', '28086', '28016', '28008', '28002', '28019', '28013', '28012', '28036', '28045', '28022', '28005', '28007', '28035', '28033', '28018', '28014', '28053', '28020', '28001', '28037', '28010', '28004', '28015', '28042', '28028', '28046', '28029', '28040', '28003', '28044', '28034', '28027', '28009', '28043', '28087', '28006', '28050', '28000'], 'country_id': 2510769, 'country': 'Spain', 'admin1': 'Madrid', 'admin2': 'Madrid', 'admin3': 'Madrid'}
2026-02-18 22:54:56,792 - INFO - Fetching weather data for lat=40.4165, lon=-3.70256, from 2024-07-01 to 2024-07-01
2026-02-18 22:54:56,944 - INFO - Weather data received: 24 records
2026-02-18 22:54:56,946 - INFO - Storing weather data for Madrid
2026-02-18 22:57:29,856 - INFO - Searching coordinates for city: Madrid
2026-02-18 22:57:30,033 - INFO - Coordinates found: {'id': 3117735, 'name': 'Madrid', 'latitude': 40.4165, 'longitude': -3.70256, 'elevation': 665.0, 'feature_code': 'PPLC', 'country_code': 'ES', 'admin1_id': 3117732, 'admin2_id': 6355233, 'admin3_id': 6359304, 'timezone': 'Europe/Madrid', 'population': 3255944, 'postcodes': ['28706', '28754', '28011', '28017', '28021', '28023', '28024', '28025', '28026', '28030', '28031', '28032', '28038', '28039', '28041', '28047', '28048', '28049', '28051', '28052', '28070', '28071', '28080', '28082', '28083', '28085', '28086', '28016', '28008', '28002', '28019', '28013', '28012', '28036', '28045', '28022', '28005', '28007', '28035', '28033', '28018', '28014', '28053', '28020', '28001', '28037', '28010', '28004', '28015', '28042', '28028', '28046', '28029', '28040', '28003', '28044', '28034', '28027', '28009', '28043', '28087', '28006', '28050', '28000'], 'country_id': 2510769, 'country': 'Spain', 'admin1': 'Madrid', 'admin2': 'Madrid', 'admin3': 'Madrid'}
2026-02-18 22:57:30,034 - INFO - Fetching weather data for lat=40.4165, lon=-3.70256, from 2024-07-01 to 2024-07-01
2026-02-18 22:57:30,183 - INFO - Weather data received: 24 records
2026-02-18 22:57:30,184 - INFO - Storing weather data for Madrid
2026-02-18 22:57:30,187 - INFO - 24 records inserted into DB for Madrid
2026-02-18 22:57:49,019 - INFO - Searching coordinates for city: Madrid
2026-02-18 22:57:49,188 - INFO - Coordinates found: {'id': 3117735, 'name': 'Madrid', 'latitude': 40.4165, 'longitude': -3.70256, 'elevation': 665.0, 'feature_code': 'PPLC', 'country_code': 'ES', 'admin1_id': 3117732, 'admin2_id': 6355233, 'admin3_id': 6359304, 'timezone': 'Europe/Madrid', 'population': 3255944, 'postcodes': ['28706', '28754', '28011', '28017', '28021', '28023', '28024', '28025', '28026', '28030', '28031', '28032', '28038', '28039', '28041', '28047', '28048', '28049', '28051', '28052', '28070', '28071', '28080', '28082', '28083', '28085', '28086', '28016', '28008', '28002', '28019', '28013', '28012', '28036', '28045', '28022', '28005', '28007', '28035', '28033', '28018', '28014', '28053', '28020', '28001', '28037', '28010', '28004', '28015', '28042', '28028', '28046', '28029', '28040', '28003', '28044', '28034', '28027', '28009', '28043', '28087', '28006', '28050', '28000'], 'country_id': 2510769, 'country': 'Spain', 'admin1': 'Madrid', 'admin2': 'Madrid', 'admin3': 'Madrid'}
2026-02-18 22:57:49,189 - INFO - Fetching weather data for lat=40.4165, lon=-3.70256, from 2024-07-01 to 2024-07-01
2026-02-18 22:57:49,342 - INFO - Weather data received: 24 records
2026-02-18 22:57:49,343 - INFO - Storing weather data for Madrid
2026-02-18 22:57:49,347 - INFO - 24 records inserted into DB for Madrid
2026-02-18 23:01:45,896 - INFO - Searching coordinates for city: Madrid
2026-02-18 23:01:46,064 - INFO - Coordinates found: {'id': 3117735, 'name': 'Madrid', 'latitude': 40.4165, 'longitude': -3.70256, 'elevation': 665.0, 'feature_code': 'PPLC', 'country_code': 'ES', 'admin1_id': 3117732, 'admin2_id': 6355233, 'admin3_id': 6359304, 'timezone': 'Europe/Madrid', 'population': 3255944, 'postcodes': ['28706', '28754', '28011', '28017', '28021', '28023', '28024', '28025', '28026', '28030', '28031', '28032', '28038', '28039', '28041', '28047', '28048', '28049', '28051', '28052', '28070', '28071', '28080', '28082', '28083', '28085', '28086', '28016', '28008', '28002', '28019', '28013', '28012', '28036', '28045', '28022', '28005', '28007', '28035', '28033', '28018', '28014', '28053', '28020', '28001', '28037', '28010', '28004', '28015', '28042', '28028', '28046', '28029', '28040', '28003', '28044', '28034', '28027', '28009', '28043', '28087', '28006', '28050', '28000'], 'country_id': 2510769, 'country': 'Spain', 'admin1': 'Madrid', 'admin2': 'Madrid', 'admin3': 'Madrid'}
2026-02-18 23:01:46,065 - INFO - Fetching weather data for lat=40.4165, lon=-3.70256, from 2024-07-01 to 2024-07-02
2026-02-18 23:01:46,228 - INFO - Weather data received: 48 records
2026-02-18 23:01:46,229 - INFO - Storing weather data for Madrid
2026-02-18 23:01:46,240 - INFO - 48 records inserted into DB for Madrid
2026-02-18 23:09:13,138 - INFO - Searching coordinates for city: Madrid
2026-02-18 23:09:13,326 - INFO - Coordinates found: {'id': 3117735, 'name': 'Madrid', 'latitude': 40.4165, 'longitude': -3.70256, 'elevation': 665.0, 'feature_code': 'PPLC', 'country_code': 'ES', 'admin1_id': 3117732, 'admin2_id': 6355233, 'admin3_id': 6359304, 'timezone': 'Europe/Madrid', 'population': 3255944, 'postcodes': ['28706', '28754', '28011', '28017', '28021', '28023', '28024', '28025', '28026', '28030', '28031', '28032', '28038', '28039', '28041', '28047', '28048', '28049', '28051', '28052', '28070', '28071', '28080', '28082', '28083', '28085', '28086', '28016', '28008', '28002', '28019', '28013', '28012', '28036', '28045', '28022', '28005', '28007', '28035', '28033', '28018', '28014', '28053', '28020', '28001', '28037', '28010', '28004', '28015', '28042', '28028', '28046', '28029', '28040', '28003', '28044', '28034', '28027', '28009', '28043', '28087', '28006', '28050', '28000'], 'country_id': 2510769, 'country': 'Spain', 'admin1': 'Madrid', 'admin2': 'Madrid', 'admin3': 'Madrid'}
2026-02-18 23:09:13,327 - INFO - Fetching weather data for lat=40.4165, lon=-3.70256, from 2024-07-01 to 2024-07-01
2026-02-18 23:09:13,562 - INFO - Weather data received: 24 records
2026-02-18 23:09:13,564 - INFO - Storing weather data for Madrid
2026-02-18 23:09:13,586 - INFO - 24 records inserted into DB for Madrid
2026-02-18 23:09:15,959 - INFO - Searching coordinates for city: Madrid
2026-02-18 23:09:16,119 - INFO - Coordinates found: {'id': 3117735, 'name': 'Madrid', 'latitude': 40.4165, 'longitude': -3.70256, 'elevation': 665.0, 'feature_code': 'PPLC', 'country_code': 'ES', 'admin1_id': 3117732, 'admin2_id': 6355233, 'admin3_id': 6359304, 'timezone': 'Europe/Madrid', 'population': 3255944, 'postcodes': ['28706', '28754', '28011', '28017', '28021', '28023', '28024', '28025', '28026', '28030', '28031', '28032', '28038', '28039', '28041', '28047', '28048', '28049', '28051', '28052', '28070', '28071', '28080', '28082', '28083', '28085', '28086', '28016', '28008', '28002', '28019', '28013', '28012', '28036', '28045', '28022', '28005', '28007', '28035', '28033', '28018', '28014', '28053', '28020', '28001', '28037', '28010', '28004', '28015', '28042', '28028', '28046', '28029', '28040', '28003', '28044', '28034', '28027', '28009', '28043', '28087', '28006', '28050', '28000'], 'country_id': 2510769, 'country': 'Spain', 'admin1': 'Madrid', 'admin2': 'Madrid', 'admin3': 'Madrid'}
2026-02-18 23:09:16,120 - INFO - Fetching weather data for lat=40.4165, lon=-3.70256, from 2024-07-01 to 2024-07-01
2026-02-18 23:09:16,273 - INFO - Weather data received: 24 records
2026-02-18 23:09:16,274 - INFO - Storing weather data for Madrid
2026-02-18 23:09:16,284 - INFO - 24 records inserted into DB for Madrid
2026-02-18 23:09:31,419 - INFO - Searching coordinates for city: Madrid
2026-02-18 23:09:31,579 - INFO - Coordinates found: {'id': 3117735, 'name': 'Madrid', 'latitude': 40.4165, 'longitude': -3.70256, 'elevation': 665.0, 'feature_code': 'PPLC', 'country_code': 'ES', 'admin1_id': 3117732, 'admin2_id': 6355233, 'admin3_id': 6359304, 'timezone': 'Europe/Madrid', 'population': 3255944, 'postcodes': ['28706', '28754', '28011', '28017', '28021', '28023', '28024', '28025', '28026', '28030', '28031', '28032', '28038', '28039', '28041', '28047', '28048', '28049', '28051', '28052', '28070', '28071', '28080', '28082', '28083', '28085', '28086', '28016', '28008', '28002', '28019', '28013', '28012', '28036', '28045', '28022', '28005', '28007', '28035', '28033', '28018', '28014', '28053', '28020', '28001', '28037', '28010', '28004', '28015', '28042', '28028', '28046', '28029', '28040', '28003', '28044', '28034', '28027', '28009', '28043', '28087', '28006', '28050', '28000'], 'country_id': 2510769, 'country': 'Spain', 'admin1': 'Madrid', 'admin2': 'Madrid', 'admin3': 'Madrid'}
2026-02-18 23:09:31,580 - INFO - Fetching weather data for lat=40.4165, lon=-3.70256, from 2024-07-01 to 2024-07-01
2026-02-18 23:09:31,733 - INFO - Weather data received: 24 records
2026-02-18 23:09:31,734 - INFO - Storing weather data for Madrid
2026-02-18 23:09:31,744 - INFO - 24 records inserted into DB for Madrid
