2026-02-11 09:32:15,403 - INFO - Searching coordinates for city: Madrid
2026-02-11 09:32:15,789 - INFO - Coordinates found: {'id': 3117735, 'name': 'Madrid', 'latitude': 40.4165, 'longitude': -3.70256, 'elevation': 665.0, 'feature_code': 'PPLC', 'country_code': 'ES', 'admin1_id': 3117732, 'admin2_id': 6355233, 'admin3_id': 6359304, 'timezone': 'Europe/Madrid', 'population': 3255944, 'postcodes': ['28706', '28754', '28011', '28017', '28021', '28023', '28024', '28025', '28026', '28030', '28031', '28032', '28038', '28039', '28041', '28047', '28048', '28049', '28051', '28052', '28070', '28071', '28080', '28082', '28083', '28085', '28086', '28016', '28008', '28002', '28019', '28013', '28012', '28036', '28045', '28022', '28005', '28007', '28035', '28033', '28018', '28014', '28053', '28020', '28001', '28037', '28010', '28004', '28015', '28042', '28028', '28046', '28029', '28040', '28003', '28044', '28034', '28027', '28009', '28043', '28087', '28006', '28050', '28000'], 'country_id': 2510769, 'country': 'Spain', 'admin1': 'Madrid', 'admin2': 'Madrid', 'admin3': 'Madrid'}
2026-02-11 09:32:15,793 - INFO - Fetching weather data for lat=40.4165, lon=-3.70256, from 2024-07-01 to 2024-07-01
2026-02-11 09:32:16,118 - INFO - Weather data received: 24 records
2026-02-11 09:32:16,119 - INFO - Storing weather data for Madrid
2026-02-11 09:32:16,136 - INFO - 24 records inserted into DB for Madrid
2026-02-11 09:32:20,634 - INFO - Searching coordinates for city: Madrid
2026-02-11 09:32:20,966 - INFO - Coordinates found: {'id': 3117735, 'name': 'Madrid', 'latitude': 40.4165, 'longitude': -3.70256, 'elevation': 665.0, 'feature_code': 'PPLC', 'country_code': 'ES', 'admin1_id': 3117732, 'admin2_id': 6355233, 'admin3_id': 6359304, 'timezone': 'Europe/Madrid', 'population': 3255944, 'postcodes': ['28706', '28754', '28011', '28017', '28021', '28023', '28024', '28025', '28026', '28030', '28031', '28032', '28038', '28039', '28041', '28047', '28048', '28049', '28051', '28052', '28070', '28071', '28080', '28082', '28083', '28085', '28086', '28016', '28008', '28002', '28019', '28013', '28012', '28036', '28045', '28022', '28005', '28007', '28035', '28033', '28018', '28014', '28053', '28020', '28001', '28037', '28010', '28004', '28015', '28042', '28028', '28046', '28029', '28040', '28003', '28044', '28034', '28027', '28009', '28043', '28087', '28006', '28050', '28000'], 'country_id': 2510769, 'country': 'Spain', 'admin1': 'Madrid', 'admin2': 'Madrid', 'admin3': 'Madrid'}
2026-02-11 09:32:20,967 - INFO - Fetching weather data for lat=40.4165, lon=-3.70256, from 2024-07-01 to 2025-07-01
2026-02-11 09:32:21,441 - INFO - Weather data received: 8784 records
2026-02-11 09:32:21,445 - INFO - Storing weather data for Madrid
2026-02-11 09:32:21,737 - INFO - 8784 records inserted into DB for Madrid
2026-02-11 09:38:26,836 - INFO - Searching coordinates for city: Madrid
2026-02-11 09:38:27,168 - INFO - Coordinates found: {'id': 3117735, 'name': 'Madrid', 'latitude': 40.4165, 'longitude': -3.70256, 'elevation': 665.0, 'feature_code': 'PPLC', 'country_code': 'ES', 'admin1_id': 3117732, 'admin2_id': 6355233, 'admin3_id': 6359304, 'timezone': 'Europe/Madrid', 'population': 3255944, 'postcodes': ['28706', '28754', '28011', '28017', '28021', '28023', '28024', '28025', '28026', '28030', '28031', '28032', '28038', '28039', '28041', '28047', '28048', '28049', '28051', '28052', '28070', '28071', '28080', '28082', '28083', '28085', '28086', '28016', '28008', '28002', '28019', '28013', '28012', '28036', '28045', '28022', '28005', '28007', '28035', '28033', '28018', '28014', '28053', '28020', '28001', '28037', '28010', '28004', '28015', '28042', '28028', '28046', '28029', '28040', '28003', '28044', '28034', '28027', '28009', '28043', '28087', '28006', '28050', '28000'], 'country_id': 2510769, 'country': 'Spain', 'admin1': 'Madrid', 'admin2': 'Madrid', 'admin3': 'Madrid'}
2026-02-11 09:38:27,169 - INFO - Fetching weather data for lat=40.4165, lon=-3.70256, from 2024-07-01 to 2025-07-01
2026-02-11 09:38:27,646 - INFO - Weather data received: 8784 records
2026-02-11 09:38:27,649 - INFO - Storing weather data for Madrid
2026-02-11 09:38:27,934 - INFO - 8784 records inserted into DB for Madrid
2026-02-11 10:07:47,976 - INFO - Searching coordinates for city: Madrid
2026-02-11 10:07:48,307 - INFO - Coordinates found: {'id': 3117735, 'name': 'Madrid', 'latitude': 40.4165, 'longitude': -3.70256, 'elevation': 665.0, 'feature_code': 'PPLC', 'country_code': 'ES', 'admin1_id': 3117732, 'admin2_id': 6355233, 'admin3_id': 6359304, 'timezone': 'Europe/Madrid', 'population': 3255944, 'postcodes': ['28706', '28754', '28011', '28017', '28021', '28023', '28024', '28025', '28026', '28030', '28031', '28032', '28038', '28039', '28041', '28047', '28048', '28049', '28051', '28052', '28070', '28071', '28080', '28082', '28083', '28085', '28086', '28016', '28008', '28002', '28019', '28013', '28012', '28036', '28045', '28022', '28005', '28007', '28035', '28033', '28018', '28014', '28053', '28020', '28001', '28037', '28010', '28004', '28015', '28042', '28028', '28046', '28029', '28040', '28003', '28044', '28034', '28027', '28009', '28043', '28087', '28006', '28050', '28000'], 'country_id': 2510769, 'country': 'Spain', 'admin1': 'Madrid', 'admin2': 'Madrid', 'admin3': 'Madrid'}
2026-02-11 10:07:48,309 - INFO - Fetching weather data for lat=40.4165, lon=-3.70256, from 1989-06-23 to 1989-06-23
2026-02-11 10:07:48,631 - INFO - Weather data received: 24 records
2026-02-11 10:07:48,632 - INFO - Storing weather data for Madrid
2026-02-11 10:07:48,640 - INFO - 24 records inserted into DB for Madrid
2026-02-11 10:08:03,159 - INFO - Searching coordinates for city: Madrid
2026-02-11 10:08:03,495 - INFO - Coordinates found: {'id': 3117735, 'name': 'Madrid', 'latitude': 40.4165, 'longitude': -3.70256, 'elevation': 665.0, 'feature_code': 'PPLC', 'country_code': 'ES', 'admin1_id': 3117732, 'admin2_id': 6355233, 'admin3_id': 6359304, 'timezone': 'Europe/Madrid', 'population': 3255944, 'postcodes': ['28706', '28754', '28011', '28017', '28021', '28023', '28024', '28025', '28026', '28030', '28031', '28032', '28038', '28039', '28041', '28047', '28048', '28049', '28051', '28052', '28070', '28071', '28080', '28082', '28083', '28085', '28086', '28016', '28008', '28002', '28019', '28013', '28012', '28036', '28045', '28022', '28005', '28007', '28035', '28033', '28018', '28014', '28053', '28020', '28001', '28037', '28010', '28004', '28015', '28042', '28028', '28046', '28029', '28040', '28003', '28044', '28034', '28027', '28009', '28043', '28087', '28006', '28050', '28000'], 'country_id': 2510769, 'country': 'Spain', 'admin1': 'Madrid', 'admin2': 'Madrid', 'admin3': 'Madrid'}
2026-02-11 10:08:03,496 - INFO - Fetching weather data for lat=40.4165, lon=-3.70256, from 1989-06-23 to 1989-06-23
2026-02-11 10:08:03,809 - INFO - Weather data received: 24 records
2026-02-11 10:08:03,811 - INFO - Storing weather data for Madrid
2026-02-11 10:08:03,817 - INFO - 24 records inserted into DB for Madrid
2026-02-11 10:09:46,638 - INFO - Searching coordinates for city: London
2026-02-11 10:09:46,962 - INFO - Coordinates found: {'id': 2643743, 'name': 'London', 'latitude': 51.50853, 'longitude': -0.12574, 'elevation': 25.0, 'feature_code': 'PPLC', 'country_code': 'GB', 'admin1_id': 6269131, 'admin2_id': 2648110, 'timezone': 'Europe/London', 'population': 8961989, 'country_id': 2635167, 'country': 'United Kingdom', 'admin1': 'England', 'admin2': 'Greater London'}
2026-02-11 10:09:46,964 - INFO - Fetching weather data for lat=51.50853, lon=-0.12574, from 1989-06-23 to 1989-06-23
2026-02-11 10:09:47,421 - INFO - Weather data received: 24 records
2026-02-11 10:09:47,422 - INFO - Storing weather data for London
2026-02-11 10:09:47,436 - INFO - 24 records inserted into DB for London
2026-02-11 10:30:31,438 - INFO - Searching coordinates for city: madrid
2026-02-11 10:30:31,769 - INFO - Coordinates found: {'id': 3117735, 'name': 'Madrid', 'latitude': 40.4165, 'longitude': -3.70256, 'elevation': 665.0, 'feature_code': 'PPLC', 'country_code': 'ES', 'admin1_id': 3117732, 'admin2_id': 6355233, 'admin3_id': 6359304, 'timezone': 'Europe/Madrid', 'population': 3255944, 'postcodes': ['28706', '28754', '28011', '28017', '28021', '28023', '28024', '28025', '28026', '28030', '28031', '28032', '28038', '28039', '28041', '28047', '28048', '28049', '28051', '28052', '28070', '28071', '28080', '28082', '28083', '28085', '28086', '28016', '28008', '28002', '28019', '28013', '28012', '28036', '28045', '28022', '28005', '28007', '28035', '28033', '28018', '28014', '28053', '28020', '28001', '28037', '28010', '28004', '28015', '28042', '28028', '28046', '28029', '28040', '28003', '28044', '28034', '28027', '28009', '28043', '28087', '28006', '28050', '28000'], 'country_id': 2510769, 'country': 'Spain', 'admin1': 'Madrid', 'admin2': 'Madrid', 'admin3': 'Madrid'}
2026-02-11 10:30:31,771 - INFO - Fetching weather data for lat=40.4165, lon=-3.70256, from 1997-12-12 to 1997-12-12
2026-02-11 10:30:32,082 - INFO - Weather data received: 24 records
2026-02-11 10:30:32,083 - INFO - Storing weather data for Madrid
2026-02-11 10:30:32,088 - INFO - 24 records inserted into DB for Madrid
2026-02-11 10:39:55,734 - INFO - Searching coordinates for city: Madrid
2026-02-11 10:39:56,135 - INFO - Coordinates found: {'id': 3117735, 'name': 'Madrid', 'latitude': 40.4165, 'longitude': -3.70256, 'elevation': 665.0, 'feature_code': 'PPLC', 'country_code': 'ES', 'admin1_id': 3117732, 'admin2_id': 6355233, 'admin3_id': 6359304, 'timezone': 'Europe/Madrid', 'population': 3255944, 'postcodes': ['28706', '28754', '28011', '28017', '28021', '28023', '28024', '28025', '28026', '28030', '28031', '28032', '28038', '28039', '28041', '28047', '28048', '28049', '28051', '28052', '28070', '28071', '28080', '28082', '28083', '28085', '28086', '28016', '28008', '28002', '28019', '28013', '28012', '28036', '28045', '28022', '28005', '28007', '28035', '28033', '28018', '28014', '28053', '28020', '28001', '28037', '28010', '28004', '28015', '28042', '28028', '28046', '28029', '28040', '28003', '28044', '28034', '28027', '28009', '28043', '28087', '28006', '28050', '28000'], 'country_id': 2510769, 'country': 'Spain', 'admin1': 'Madrid', 'admin2': 'Madrid', 'admin3': 'Madrid'}
2026-02-11 10:39:56,136 - INFO - Fetching weather data for lat=40.4165, lon=-3.70256, from 1999-12-12 to 1999-12-12
2026-02-11 10:39:56,476 - INFO - Weather data received: 24 records
2026-02-11 10:39:56,477 - INFO - Storing weather data for Madrid
2026-02-11 10:39:56,487 - INFO - 24 records inserted into DB for Madrid
2026-02-11 10:52:26,805 - INFO - Searching coordinates for city: Madrid
2026-02-11 10:52:27,117 - INFO - Coordinates found: {'id': 3117735, 'name': 'Madrid', 'latitude': 40.4165, 'longitude': -3.70256, 'elevation': 665.0, 'feature_code': 'PPLC', 'country_code': 'ES', 'admin1_id': 3117732, 'admin2_id': 6355233, 'admin3_id': 6359304, 'timezone': 'Europe/Madrid', 'population': 3255944, 'postcodes': ['28706', '28754', '28011', '28017', '28021', '28023', '28024', '28025', '28026', '28030', '28031', '28032', '28038', '28039', '28041', '28047', '28048', '28049', '28051', '28052', '28070', '28071', '28080', '28082', '28083', '28085', '28086', '28016', '28008', '28002', '28019', '28013', '28012', '28036', '28045', '28022', '28005', '28007', '28035', '28033', '28018', '28014', '28053', '28020', '28001', '28037', '28010', '28004', '28015', '28042', '28028', '28046', '28029', '28040', '28003', '28044', '28034', '28027', '28009', '28043', '28087', '28006', '28050', '28000'], 'country_id': 2510769, 'country': 'Spain', 'admin1': 'Madrid', 'admin2': 'Madrid', 'admin3': 'Madrid'}
2026-02-11 10:52:27,118 - INFO - Fetching weather data for lat=40.4165, lon=-3.70256, from 19997-12-12 to 19997-12-12
2026-02-11 12:57:39,972 - INFO - Searching coordinates for city: Repu, Indonesia
2026-02-11 12:57:40,310 - INFO - Coordinates found: {'id': 7379333, 'name': 'Repu', 'latitude': -8.4023, 'longitude': 120.4179, 'elevation': 536.0, 'feature_code': 'PPL', 'country_code': 'ID', 'admin1_id': 1633791, 'admin2_id': 1636422, 'timezone': 'Asia/Makassar', 'country_id': 1643084, 'country': 'Indonesia', 'admin1': 'East Nusa Tenggara', 'admin2': 'Manggarai Regency'}
2026-02-11 12:57:40,311 - INFO - Fetching weather data for lat=-8.4023, lon=120.4179, from 1995-12-12 to 1995-12-12
2026-02-11 12:57:40,752 - INFO - Weather data received: 24 records
2026-02-11 12:57:40,753 - INFO - Storing weather data for Repu
2026-02-11 12:57:40,771 - INFO - 24 records inserted into DB for Repu
2026-02-11 13:15:26,399 - INFO - Searching coordinates for city: Madrid
2026-02-11 13:15:26,793 - INFO - Coordinates found: {'id': 3117735, 'name': 'Madrid', 'latitude': 40.4165, 'longitude': -3.70256, 'elevation': 665.0, 'feature_code': 'PPLC', 'country_code': 'ES', 'admin1_id': 3117732, 'admin2_id': 6355233, 'admin3_id': 6359304, 'timezone': 'Europe/Madrid', 'population': 3255944, 'postcodes': ['28706', '28754', '28011', '28017', '28021', '28023', '28024', '28025', '28026', '28030', '28031', '28032', '28038', '28039', '28041', '28047', '28048', '28049', '28051', '28052', '28070', '28071', '28080', '28082', '28083', '28085', '28086', '28016', '28008', '28002', '28019', '28013', '28012', '28036', '28045', '28022', '28005', '28007', '28035', '28033', '28018', '28014', '28053', '28020', '28001', '28037', '28010', '28004', '28015', '28042', '28028', '28046', '28029', '28040', '28003', '28044', '28034', '28027', '28009', '28043', '28087', '28006', '28050', '28000'], 'country_id': 2510769, 'country': 'Spain', 'admin1': 'Madrid', 'admin2': 'Madrid', 'admin3': 'Madrid'}
2026-02-11 13:15:26,795 - INFO - Fetching weather data for lat=40.4165, lon=-3.70256, from 2026-01-01 to 2026-01-01
2026-02-11 13:15:27,161 - INFO - Weather data received: 24 records
2026-02-11 13:15:27,184 - INFO - Storing weather data for Madrid
2026-02-11 13:15:27,307 - INFO - 24 records inserted into DB for Madrid
2026-02-11 13:15:52,561 - INFO - Searching coordinates for city: Madrid
2026-02-11 13:15:52,954 - INFO - Coordinates found: {'id': 3117735, 'name': 'Madrid', 'latitude': 40.4165, 'longitude': -3.70256, 'elevation': 665.0, 'feature_code': 'PPLC', 'country_code': 'ES', 'admin1_id': 3117732, 'admin2_id': 6355233, 'admin3_id': 6359304, 'timezone': 'Europe/Madrid', 'population': 3255944, 'postcodes': ['28706', '28754', '28011', '28017', '28021', '28023', '28024', '28025', '28026', '28030', '28031', '28032', '28038', '28039', '28041', '28047', '28048', '28049', '28051', '28052', '28070', '28071', '28080', '28082', '28083', '28085', '28086', '28016', '28008', '28002', '28019', '28013', '28012', '28036', '28045', '28022', '28005', '28007', '28035', '28033', '28018', '28014', '28053', '28020', '28001', '28037', '28010', '28004', '28015', '28042', '28028', '28046', '28029', '28040', '28003', '28044', '28034', '28027', '28009', '28043', '28087', '28006', '28050', '28000'], 'country_id': 2510769, 'country': 'Spain', 'admin1': 'Madrid', 'admin2': 'Madrid', 'admin3': 'Madrid'}
2026-02-11 13:15:52,955 - INFO - Fetching weather data for lat=40.4165, lon=-3.70256, from 2026-01-01 to 2026-01-01
2026-02-11 13:15:53,294 - INFO - Weather data received: 24 records
2026-02-11 13:15:53,295 - INFO - Storing weather data for Madrid
2026-02-11 13:15:53,430 - INFO - 24 records inserted into DB for Madrid
2026-02-11 13:21:31,607 - INFO - Searching coordinates for city: Madrid, Colombia
2026-02-11 13:21:31,935 - ERROR - City not found: Madrid, Colombia
2026-02-11 13:36:08,215 - INFO - Searching coordinates for city: Madrid, Spain
2026-02-11 13:36:08,561 - INFO - Coordinates found: {'id': 3117735, 'name': 'Madrid', 'latitude': 40.4165, 'longitude': -3.70256, 'elevation': 665.0, 'feature_code': 'PPLC', 'country_code': 'ES', 'admin1_id': 3117732, 'admin2_id': 6355233, 'admin3_id': 6359304, 'timezone': 'Europe/Madrid', 'population': 3255944, 'postcodes': ['28706', '28754', '28011', '28017', '28021', '28023', '28024', '28025', '28026', '28030', '28031', '28032', '28038', '28039', '28041', '28047', '28048', '28049', '28051', '28052', '28070', '28071', '28080', '28082', '28083', '28085', '28086', '28016', '28008', '28002', '28019', '28013', '28012', '28036', '28045', '28022', '28005', '28007', '28035', '28033', '28018', '28014', '28053', '28020', '28001', '28037', '28010', '28004', '28015', '28042', '28028', '28046', '28029', '28040', '28003', '28044', '28034', '28027', '28009', '28043', '28087', '28006', '28050', '28000'], 'country_id': 2510769, 'country': 'Spain', 'admin1': 'Madrid', 'admin2': 'Madrid', 'admin3': 'Madrid'}
2026-02-11 13:36:08,562 - INFO - Fetching weather data for lat=40.4165, lon=-3.70256, from 1989-01-01 to 1989-01-01
2026-02-11 13:36:08,902 - INFO - Weather data received: 24 records
2026-02-11 13:36:08,904 - INFO - Storing weather data for Madrid
2026-02-11 13:36:08,909 - INFO - 24 records inserted into DB for Madrid
2026-02-11 14:05:44,661 - INFO - Searching coordinates for city: Egipto
2026-02-11 14:05:44,992 - INFO - Coordinates found: {'id': 3815589, 'name': 'Egipto', 'latitude': 17.26207, 'longitude': -91.9715, 'elevation': 98.0, 'feature_code': 'PPL', 'country_code': 'MX', 'admin1_id': 3531011, 'admin2_id': 8581763, 'timezone': 'America/Mexico_City', 'population': 1419, 'country_id': 3996063, 'country': 'Mexico', 'admin1': 'Chiapas', 'admin2': 'Salto de Agua Municipality'}
2026-02-11 14:05:44,993 - INFO - Fetching weather data for lat=17.26207, lon=-91.9715, from 2002-02-02 to 2002-02-02
2026-02-11 14:05:45,436 - INFO - Weather data received: 24 records
2026-02-11 14:05:45,437 - INFO - Storing weather data for Egipto
2026-02-11 14:05:45,445 - INFO - 24 records inserted into DB for Egipto
2026-02-11 15:26:36,894 - INFO - Searching coordinates for city: Vienna
2026-02-11 15:26:37,214 - INFO - Coordinates found: {'id': 2761369, 'name': 'Vienna', 'latitude': 48.20849, 'longitude': 16.37208, 'elevation': 171.0, 'feature_code': 'PPLC', 'country_code': 'AT', 'admin1_id': 2761367, 'admin2_id': 2761333, 'timezone': 'Europe/Vienna', 'population': 1691468, 'postcodes': ['1010', '1020', '1030', '1040', '1050', '1060', '1070', '1080', '1090', '1100', '1110', '1120', '1130', '1140', '1150', '1160', '1170', '1180', '1190', '1200', '1210', '1220', '1230'], 'country_id': 2782113, 'country': 'Austria', 'admin1': 'Vienna', 'admin2': 'Vienna'}
2026-02-11 15:26:37,216 - INFO - Fetching weather data for lat=48.20849, lon=16.37208, from 1888-02-12 to 1888-02-12
2026-02-11 15:26:56,540 - INFO - Searching coordinates for city: Napoles, Colombia
2026-02-11 15:26:56,859 - ERROR - City not found: Napoles, Colombia
2026-02-11 15:27:01,884 - INFO - Searching coordinates for city: Napoles
2026-02-11 15:27:02,199 - INFO - Coordinates found: {'id': 1698160, 'name': 'Napoles', 'latitude': 10.504, 'longitude': 122.8979, 'elevation': 23.0, 'feature_code': 'PPL', 'country_code': 'PH', 'admin1_id': 7521304, 'admin2_id': 1697808, 'admin3_id': 11778408, 'timezone': 'Asia/Manila', 'population': 5440, 'country_id': 1694008, 'country': 'Philippines', 'admin1': 'Western Visayas', 'admin2': 'Province of Negros Occidental', 'admin3': 'Bago City'}
2026-02-11 15:27:02,200 - INFO - Fetching weather data for lat=10.504, lon=122.8979, from 0003-04-21 to 0003-04-21
2026-02-11 15:27:22,614 - INFO - Searching coordinates for city: Nápoles
2026-02-11 15:27:22,931 - INFO - Coordinates found: {'id': 1698160, 'name': 'Napoles', 'latitude': 10.504, 'longitude': 122.8979, 'elevation': 23.0, 'feature_code': 'PPL', 'country_code': 'PH', 'admin1_id': 7521304, 'admin2_id': 1697808, 'admin3_id': 11778408, 'timezone': 'Asia/Manila', 'population': 5440, 'country_id': 1694008, 'country': 'Philippines', 'admin1': 'Western Visayas', 'admin2': 'Province of Negros Occidental', 'admin3': 'Bago City'}
2026-02-11 15:27:22,932 - INFO - Fetching weather data for lat=10.504, lon=122.8979, from 2024-07-01 to 2025-07-01
2026-02-11 15:27:23,440 - INFO - Weather data received: 8784 records
2026-02-11 15:27:23,443 - INFO - Storing weather data for Napoles
2026-02-11 15:27:23,739 - INFO - 8784 records inserted into DB for Napoles
2026-02-11 15:27:31,789 - INFO - Searching coordinates for city: Nápoles
2026-02-11 15:27:32,104 - INFO - Coordinates found: {'id': 1698160, 'name': 'Napoles', 'latitude': 10.504, 'longitude': 122.8979, 'elevation': 23.0, 'feature_code': 'PPL', 'country_code': 'PH', 'admin1_id': 7521304, 'admin2_id': 1697808, 'admin3_id': 11778408, 'timezone': 'Asia/Manila', 'population': 5440, 'country_id': 1694008, 'country': 'Philippines', 'admin1': 'Western Visayas', 'admin2': 'Province of Negros Occidental', 'admin3': 'Bago City'}
2026-02-11 15:27:32,105 - INFO - Fetching weather data for lat=10.504, lon=122.8979, from 0003-04-21 to 0003-04-21
2026-02-11 15:28:15,547 - INFO - Searching coordinates for city: Madrid
2026-02-11 15:28:15,875 - INFO - Coordinates found: {'id': 3117735, 'name': 'Madrid', 'latitude': 40.4165, 'longitude': -3.70256, 'elevation': 665.0, 'feature_code': 'PPLC', 'country_code': 'ES', 'admin1_id': 3117732, 'admin2_id': 6355233, 'admin3_id': 6359304, 'timezone': 'Europe/Madrid', 'population': 3255944, 'postcodes': ['28706', '28754', '28011', '28017', '28021', '28023', '28024', '28025', '28026', '28030', '28031', '28032', '28038', '28039', '28041', '28047', '28048', '28049', '28051', '28052', '28070', '28071', '28080', '28082', '28083', '28085', '28086', '28016', '28008', '28002', '28019', '28013', '28012', '28036', '28045', '28022', '28005', '28007', '28035', '28033', '28018', '28014', '28053', '28020', '28001', '28037', '28010', '28004', '28015', '28042', '28028', '28046', '28029', '28040', '28003', '28044', '28034', '28027', '28009', '28043', '28087', '28006', '28050', '28000'], 'country_id': 2510769, 'country': 'Spain', 'admin1': 'Madrid', 'admin2': 'Madrid', 'admin3': 'Madrid'}
2026-02-11 15:28:15,876 - INFO - Fetching weather data for lat=40.4165, lon=-3.70256, from 0001-12-12 to 0001-12-12
2026-02-11 15:28:20,075 - INFO - Searching coordinates for city: Madrid
2026-02-11 15:28:20,393 - INFO - Coordinates found: {'id': 3117735, 'name': 'Madrid', 'latitude': 40.4165, 'longitude': -3.70256, 'elevation': 665.0, 'feature_code': 'PPLC', 'country_code': 'ES', 'admin1_id': 3117732, 'admin2_id': 6355233, 'admin3_id': 6359304, 'timezone': 'Europe/Madrid', 'population': 3255944, 'postcodes': ['28706', '28754', '28011', '28017', '28021', '28023', '28024', '28025', '28026', '28030', '28031', '28032', '28038', '28039', '28041', '28047', '28048', '28049', '28051', '28052', '28070', '28071', '28080', '28082', '28083', '28085', '28086', '28016', '28008', '28002', '28019', '28013', '28012', '28036', '28045', '28022', '28005', '28007', '28035', '28033', '28018', '28014', '28053', '28020', '28001', '28037', '28010', '28004', '28015', '28042', '28028', '28046', '28029', '28040', '28003', '28044', '28034', '28027', '28009', '28043', '28087', '28006', '28050', '28000'], 'country_id': 2510769, 'country': 'Spain', 'admin1': 'Madrid', 'admin2': 'Madrid', 'admin3': 'Madrid'}
2026-02-11 15:28:20,394 - INFO - Fetching weather data for lat=40.4165, lon=-3.70256, from 2000-12-12 to 2000-12-12
2026-02-11 15:28:20,703 - INFO - Weather data received: 24 records
2026-02-11 15:28:20,704 - INFO - Storing weather data for Madrid
2026-02-11 15:28:20,713 - INFO - 24 records inserted into DB for Madrid
2026-02-11 15:28:58,379 - INFO - Searching coordinates for city: Madrid
2026-02-11 15:28:58,715 - INFO - Coordinates found: {'id': 3117735, 'name': 'Madrid', 'latitude': 40.4165, 'longitude': -3.70256, 'elevation': 665.0, 'feature_code': 'PPLC', 'country_code': 'ES', 'admin1_id': 3117732, 'admin2_id': 6355233, 'admin3_id': 6359304, 'timezone': 'Europe/Madrid', 'population': 3255944, 'postcodes': ['28706', '28754', '28011', '28017', '28021', '28023', '28024', '28025', '28026', '28030', '28031', '28032', '28038', '28039', '28041', '28047', '28048', '28049', '28051', '28052', '28070', '28071', '28080', '28082', '28083', '28085', '28086', '28016', '28008', '28002', '28019', '28013', '28012', '28036', '28045', '28022', '28005', '28007', '28035', '28033', '28018', '28014', '28053', '28020', '28001', '28037', '28010', '28004', '28015', '28042', '28028', '28046', '28029', '28040', '28003', '28044', '28034', '28027', '28009', '28043', '28087', '28006', '28050', '28000'], 'country_id': 2510769, 'country': 'Spain', 'admin1': 'Madrid', 'admin2': 'Madrid', 'admin3': 'Madrid'}
2026-02-11 15:28:58,716 - INFO - Fetching weather data for lat=40.4165, lon=-3.70256, from 2000-12-12 to 2000-12-12
2026-02-11 15:28:59,493 - INFO - Weather data received: 24 records
2026-02-11 15:28:59,495 - INFO - Storing weather data for Madrid
2026-02-11 15:28:59,499 - INFO - 24 records inserted into DB for Madrid
